#
# There is insufficient memory for the Java Runtime Environment to continue.
# Native memory allocation (mmap) failed to map 194510848 bytes for committing reserved memory.
# Possible reasons:
#   The system is out of physical RAM or swap space
#   In 32 bit mode, the process size limit was hit
# Possible solutions:
#   Reduce memory load on the system
#   Increase physical memory or swap space
#   Check if swap backing store is full
#   Use 64 bit Java on a 64 bit OS
#   Decrease Java heap size (-Xmx/-Xms)
#   Decrease number of Java threads
#   Decrease Java thread stack sizes (-Xss)
#   Set larger code cache with -XX:ReservedCodeCacheSize=
# This output file may be truncated or incomplete.
#
#  Out of Memory Error (os_linux.cpp:2627), pid=23697, tid=0x00007fe9ebefe700
#
# JRE version: OpenJDK Runtime Environment (8.0_112-b06) (build 1.8.0_112-release-b06)
# Java VM: OpenJDK 64-Bit Server VM (25.112-b06 mixed mode linux-amd64 compressed oops)
# Failed to write core dump. Core dumps have been disabled. To enable core dumping, try "ulimit -c unlimited" before starting Java again
#

---------------  T H R E A D  ---------------

Current thread (0x00007fea00077800):  VMThread [stack: 0x00007fe9ebdfe000,0x00007fe9ebeff000] [id=23706]

Stack: [0x00007fe9ebdfe000,0x00007fe9ebeff000],  sp=0x00007fe9ebefd4d0,  free space=1021k
Native frames: (J=compiled Java code, j=interpreted, Vv=VM code, C=native code)
V  [libjvm.so+0x9e465d]  VMError::report_and_die()+0x15d
V  [libjvm.so+0x4b6ada]  report_vm_out_of_memory(char const*, int, unsigned long, VMErrorType, char const*)+0x8a
V  [libjvm.so+0x84c860]  os::pd_commit_memory(char*, unsigned long, unsigned long, bool)+0xf0
V  [libjvm.so+0x84737f]  os::commit_memory(char*, unsigned long, unsigned long, bool)+0x1f
V  [libjvm.so+0x8bd3db]  PSVirtualSpace::expand_by(unsigned long)+0x5b
V  [libjvm.so+0x8ae1bb]  PSOldGen::expand_by(unsigned long) [clone .part.109]+0x1b
V  [libjvm.so+0x8ae37b]  PSOldGen::expand(unsigned long) [clone .part.111]+0xdb
V  [libjvm.so+0x8aec58]  PSOldGen::resize(unsigned long)+0x188
V  [libjvm.so+0x8b426c]  PSParallelCompact::invoke_no_policy(bool)+0x97c
V  [libjvm.so+0x8bb37d]  PSScavenge::invoke()+0x17d
V  [libjvm.so+0x86fcf3]  ParallelScavengeHeap::failed_mem_allocate(unsigned long)+0x63
V  [libjvm.so+0x9e6124]  VM_ParallelGCFailedAllocation::doit()+0x84
V  [libjvm.so+0x9ea537]  VM_Operation::evaluate()+0x47
V  [libjvm.so+0x9e8ff8]  VMThread::evaluate_operation(VM_Operation*)+0x2c8
V  [libjvm.so+0x9e9479]  VMThread::loop()+0x219
V  [libjvm.so+0x9e98c2]  VMThread::run()+0x72
V  [libjvm.so+0x849c82]  java_start(Thread*)+0xf2

VM_Operation (0x00007fe9eaac5060): ParallelGCFailedAllocation, mode: safepoint, requested by thread 0x00007fea0016f000


---------------  P R O C E S S  ---------------

Java Threads: ( => current thread )
  0x00007fea00177000 JavaThread "pool-2-thread-4" [_thread_blocked, id=23719, stack(0x00007fe9ea5c2000,0x00007fe9ea6c3000)]
  0x00007fea00173000 JavaThread "pool-2-thread-3" [_thread_blocked, id=23718, stack(0x00007fe9ea6c3000,0x00007fe9ea7c4000)]
  0x00007fea00171800 JavaThread "pool-2-thread-2" [_thread_blocked, id=23717, stack(0x00007fe9ea7c4000,0x00007fe9ea8c5000)]
  0x00007fea00170000 JavaThread "pool-3-thread-1" [_thread_blocked, id=23716, stack(0x00007fe9ea8c5000,0x00007fe9ea9c6000)]
  0x00007fea0016f000 JavaThread "pool-2-thread-1" [_thread_blocked, id=23715, stack(0x00007fe9ea9c6000,0x00007fe9eaac7000)]
  0x00007fea000bf800 JavaThread "Service Thread" daemon [_thread_blocked, id=23713, stack(0x00007fe9ead37000,0x00007fe9eae38000)]
  0x00007fea000bc800 JavaThread "C1 CompilerThread2" daemon [_thread_blocked, id=23712, stack(0x00007fe9eae38000,0x00007fe9eaf39000)]
  0x00007fea000ba800 JavaThread "C2 CompilerThread1" daemon [_thread_blocked, id=23711, stack(0x00007fe9eaf39000,0x00007fe9eb03a000)]
  0x00007fea000b7800 JavaThread "C2 CompilerThread0" daemon [_thread_blocked, id=23710, stack(0x00007fe9eb03a000,0x00007fe9eb13b000)]
  0x00007fea000b6800 JavaThread "Signal Dispatcher" daemon [_thread_blocked, id=23709, stack(0x00007fe9eb13b000,0x00007fe9eb23c000)]
  0x00007fea00083800 JavaThread "Finalizer" daemon [_thread_blocked, id=23708, stack(0x00007fe9ebbfc000,0x00007fe9ebcfd000)]
  0x00007fea0007f000 JavaThread "Reference Handler" daemon [_thread_blocked, id=23707, stack(0x00007fe9ebcfd000,0x00007fe9ebdfe000)]
  0x00007fea0000a000 JavaThread "main" [_thread_blocked, id=23701, stack(0x00007fea0951a000,0x00007fea0961b000)]

Other Threads:
=>0x00007fea00077800 VMThread [stack: 0x00007fe9ebdfe000,0x00007fe9ebeff000] [id=23706]
  0x00007fea000c2000 WatcherThread [stack: 0x00007fe9eac36000,0x00007fe9ead37000] [id=23714]

VM state:at safepoint (normal execution)

VM Mutex/Monitor currently owned by a thread:  ([mutex/lock_event])
[0x00007fea00005f80] ExpandHeap_lock - owner thread: 0x00007fea00077800
[0x00007fea00006600] Threads_lock - owner thread: 0x00007fea00077800
[0x00007fea00006b00] Heap_lock - owner thread: 0x00007fea0016f000

Heap:
 PSYoungGen      total 572928K, used 64152K [0x000000076ab00000, 0x000000079b600000, 0x00000007c0000000)
  eden space 457216K, 0% used [0x000000076ab00000,0x000000076ab00000,0x0000000786980000)
  from space 115712K, 55% used [0x0000000786980000,0x000000078a8260f0,0x000000078da80000)
  to   space 119808K, 0% used [0x0000000794100000,0x0000000794100000,0x000000079b600000)
 ParOldGen       total 311808K, used 311420K [0x00000006c0000000, 0x00000006d3080000, 0x000000076ab00000)
  object space 311808K, 99% used [0x00000006c0000000,0x00000006d301f210,0x00000006d3080000)
 Metaspace       used 6407K, capacity 7280K, committed 7552K, reserved 1056768K
  class space    used 585K, capacity 616K, committed 640K, reserved 1048576K

Card table byte_map: [0x00007fea05baf000,0x00007fea063b0000] byte_map_base: 0x00007fea025af000

Marking Bits: (ParMarkBitMap*) 0x00007fea089ec340
 Begin Bits: [0x00007fe9d4000000, 0x00007fe9d8000000)
 End Bits:   [0x00007fe9d8000000, 0x00007fe9dc000000)

Polling page: 0x00007fea0963b000

CodeCache: size=245760Kb used=12535Kb max_used=12611Kb free=233224Kb
 bounds [0x00007fe9f1000000, 0x00007fe9f1c80000, 0x00007fea00000000]
 total_blobs=2672 nmethods=2410 adapters=176
 compilation: enabled

Compilation events (10 events):
Event: 20.070 Thread 0x00007fea000b7800 nmethod 2995 0x00007fe9f1455e50 code [0x00007fe9f1456060, 0x00007fe9f1456e38]
Event: 20.070 Thread 0x00007fea000b7800 3003       4       com.android.dx.rop.code.LocalItem::compareTo (9 bytes)
Event: 20.071 Thread 0x00007fea000ba800 nmethod 2964 0x00007fe9f1455550 code [0x00007fe9f14556c0, 0x00007fe9f1455a18]
Event: 20.071 Thread 0x00007fea000ba800 2998       4       com.android.dx.dex.code.CstInsn::<init> (39 bytes)
Event: 20.072 Thread 0x00007fea000b7800 nmethod 3003 0x00007fe9f174fb50 code [0x00007fe9f174fcc0, 0x00007fe9f174fff8]
Event: 20.072 Thread 0x00007fea000b7800 3001       4       com.android.dx.cf.code.Simulator$SimVisitor::visitLocal (329 bytes)
Event: 20.073 Thread 0x00007fea000ba800 nmethod 2998 0x00007fe9f1ade610 code [0x00007fe9f1ade760, 0x00007fe9f1ade8d8]
Event: 20.073 Thread 0x00007fea000ba800 2994       4       com.android.dx.rop.code.BasicBlockList$RegCountVisitor::visitPlainCstInsn (6 bytes)
Event: 20.080 Thread 0x00007fea000ba800 nmethod 2994 0x00007fe9f1651b10 code [0x00007fe9f1651c80, 0x00007fe9f1651f38]
Event: 20.080 Thread 0x00007fea000ba800 3011       4       com.android.dx.ssa.SCCP::run (298 bytes)

GC Heap History (10 events):
Event: 7.064 GC heap after
Heap after GC invocations=13 (full 1):
 PSYoungGen      total 475136K, used 64486K [0x000000076ab00000, 0x0000000790200000, 0x00000007c0000000)
  eden space 410624K, 0% used [0x000000076ab00000,0x000000076ab00000,0x0000000783c00000)
  from space 64512K, 99% used [0x0000000788d00000,0x000000078cbf9bc8,0x000000078cc00000)
  to   space 82944K, 0% used [0x0000000783c00000,0x0000000783c00000,0x0000000788d00000)
 ParOldGen       total 162816K, used 133648K [0x00000006c0000000, 0x00000006c9f00000, 0x000000076ab00000)
  object space 162816K, 82% used [0x00000006c0000000,0x00000006c8284100,0x00000006c9f00000)
 Metaspace       used 6376K, capacity 7280K, committed 7552K, reserved 1056768K
  class space    used 583K, capacity 616K, committed 640K, reserved 1048576K
}
Event: 7.064 GC heap before
{Heap before GC invocations=14 (full 2):
 PSYoungGen      total 475136K, used 64486K [0x000000076ab00000, 0x0000000790200000, 0x00000007c0000000)
  eden space 410624K, 0% used [0x000000076ab00000,0x000000076ab00000,0x0000000783c00000)
  from space 64512K, 99% used [0x0000000788d00000,0x000000078cbf9bc8,0x000000078cc00000)
  to   space 82944K, 0% used [0x0000000783c00000,0x0000000783c00000,0x0000000788d00000)
 ParOldGen       total 162816K, used 133648K [0x00000006c0000000, 0x00000006c9f00000, 0x000000076ab00000)
  object space 162816K, 82% used [0x00000006c0000000,0x00000006c8284100,0x00000006c9f00000)
 Metaspace       used 6376K, capacity 7280K, committed 7552K, reserved 1056768K
  class space    used 583K, capacity 616K, committed 640K, reserved 1048576K
Event: 7.942 GC heap after
Heap after GC invocations=14 (full 2):
 PSYoungGen      total 475136K, used 27518K [0x000000076ab00000, 0x0000000790200000, 0x00000007c0000000)
  eden space 410624K, 0% used [0x000000076ab00000,0x000000076ab00000,0x0000000783c00000)
  from space 64512K, 42% used [0x0000000788d00000,0x000000078a7dfa88,0x000000078cc00000)
  to   space 82944K, 0% used [0x0000000783c00000,0x0000000783c00000,0x0000000788d00000)
 ParOldGen       total 285184K, used 162516K [0x00000006c0000000, 0x00000006d1680000, 0x000000076ab00000)
  object space 285184K, 56% used [0x00000006c0000000,0x00000006c9eb5300,0x00000006d1680000)
 Metaspace       used 6376K, capacity 7280K, committed 7552K, reserved 1056768K
  class space    used 583K, capacity 616K, committed 640K, reserved 1048576K
}
Event: 9.474 GC heap before
{Heap before GC invocations=15 (full 2):
 PSYoungGen      total 475136K, used 438142K [0x000000076ab00000, 0x0000000790200000, 0x00000007c0000000)
  eden space 410624K, 100% used [0x000000076ab00000,0x0000000783c00000,0x0000000783c00000)
  from space 64512K, 42% used [0x0000000788d00000,0x000000078a7dfa88,0x000000078cc00000)
  to   space 82944K, 0% used [0x0000000783c00000,0x0000000783c00000,0x0000000788d00000)
 ParOldGen       total 285184K, used 162516K [0x00000006c0000000, 0x00000006d1680000, 0x000000076ab00000)
  object space 285184K, 56% used [0x00000006c0000000,0x00000006c9eb5300,0x00000006d1680000)
 Metaspace       used 6384K, capacity 7280K, committed 7552K, reserved 1056768K
  class space    used 583K, capacity 616K, committed 640K, reserved 1048576K
Event: 9.659 GC heap after
Heap after GC invocations=15 (full 2):
 PSYoungGen      total 493568K, used 58945K [0x000000076ab00000, 0x0000000793100000, 0x00000007c0000000)
  eden space 410624K, 0% used [0x000000076ab00000,0x000000076ab00000,0x0000000783c00000)
  from space 82944K, 71% used [0x0000000783c00000,0x0000000787590578,0x0000000788d00000)
  to   space 88576K, 0% used [0x000000078da80000,0x000000078da80000,0x0000000793100000)
 ParOldGen       total 285184K, used 190254K [0x00000006c0000000, 0x00000006d1680000, 0x000000076ab00000)
  object space 285184K, 66% used [0x00000006c0000000,0x00000006cb9cb880,0x00000006d1680000)
 Metaspace       used 6384K, capacity 7280K, committed 7552K, reserved 1056768K
  class space    used 583K, capacity 616K, committed 640K, reserved 1048576K
}
Event: 11.380 GC heap before
{Heap before GC invocations=16 (full 2):
 PSYoungGen      total 493568K, used 469569K [0x000000076ab00000, 0x0000000793100000, 0x00000007c0000000)
  eden space 410624K, 100% used [0x000000076ab00000,0x0000000783c00000,0x0000000783c00000)
  from space 82944K, 71% used [0x0000000783c00000,0x0000000787590578,0x0000000788d00000)
  to   space 88576K, 0% used [0x000000078da80000,0x000000078da80000,0x0000000793100000)
 ParOldGen       total 285184K, used 190254K [0x00000006c0000000, 0x00000006d1680000, 0x000000076ab00000)
  object space 285184K, 66% used [0x00000006c0000000,0x00000006cb9cb880,0x00000006d1680000)
 Metaspace       used 6401K, capacity 7280K, committed 7552K, reserved 1056768K
  class space    used 584K, capacity 616K, committed 640K, reserved 1048576K
Event: 12.618 GC heap after
Heap after GC invocations=16 (full 2):
 PSYoungGen      total 545792K, used 88548K [0x000000076ab00000, 0x0000000798480000, 0x00000007c0000000)
  eden space 457216K, 0% used [0x000000076ab00000,0x000000076ab00000,0x0000000786980000)
  from space 88576K, 99% used [0x000000078da80000,0x00000007930f92c0,0x0000000793100000)
  to   space 115712K, 0% used [0x0000000786980000,0x0000000786980000,0x000000078da80000)
 ParOldGen       total 285184K, used 222718K [0x00000006c0000000, 0x00000006d1680000, 0x000000076ab00000)
  object space 285184K, 78% used [0x00000006c0000000,0x00000006cd97f940,0x00000006d1680000)
 Metaspace       used 6401K, capacity 7280K, committed 7552K, reserved 1056768K
  class space    used 584K, capacity 616K, committed 640K, reserved 1048576K
}
Event: 20.091 GC heap before
{Heap before GC invocations=17 (full 2):
 PSYoungGen      total 545792K, used 545764K [0x000000076ab00000, 0x0000000798480000, 0x00000007c0000000)
  eden space 457216K, 100% used [0x000000076ab00000,0x0000000786980000,0x0000000786980000)
  from space 88576K, 99% used [0x000000078da80000,0x00000007930f92c0,0x0000000793100000)
  to   space 115712K, 0% used [0x0000000786980000,0x0000000786980000,0x000000078da80000)
 ParOldGen       total 285184K, used 222718K [0x00000006c0000000, 0x00000006d1680000, 0x000000076ab00000)
  object space 285184K, 78% used [0x00000006c0000000,0x00000006cd97f940,0x00000006d1680000)
 Metaspace       used 6407K, capacity 7280K, committed 7552K, reserved 1056768K
  class space    used 585K, capacity 616K, committed 640K, reserved 1048576K
Event: 20.280 GC heap after
Heap after GC invocations=17 (full 2):
 PSYoungGen      total 572928K, used 72753K [0x000000076ab00000, 0x000000079b600000, 0x00000007c0000000)
  eden space 457216K, 0% used [0x000000076ab00000,0x000000076ab00000,0x0000000786980000)
  from space 115712K, 62% used [0x0000000786980000,0x000000078b08c678,0x000000078da80000)
  to   space 119808K, 0% used [0x0000000794100000,0x0000000794100000,0x000000079b600000)
 ParOldGen       total 311808K, used 311692K [0x00000006c0000000, 0x00000006d3080000, 0x000000076ab00000)
  object space 311808K, 99% used [0x00000006c0000000,0x00000006d30632e8,0x00000006d3080000)
 Metaspace       used 6407K, capacity 7280K, committed 7552K, reserved 1056768K
  class space    used 585K, capacity 616K, committed 640K, reserved 1048576K
}
Event: 20.280 GC heap before
{Heap before GC invocations=18 (full 3):
 PSYoungGen      total 572928K, used 72753K [0x000000076ab00000, 0x000000079b600000, 0x00000007c0000000)
  eden space 457216K, 0% used [0x000000076ab00000,0x000000076ab00000,0x0000000786980000)
  from space 115712K, 62% used [0x0000000786980000,0x000000078b08c678,0x000000078da80000)
  to   space 119808K, 0% used [0x0000000794100000,0x0000000794100000,0x000000079b600000)
 ParOldGen       total 311808K, used 311692K [0x00000006c0000000, 0x00000006d3080000, 0x000000076ab00000)
  object space 311808K, 99% used [0x00000006c0000000,0x00000006d30632e8,0x00000006d3080000)
 Metaspace       used 6407K, capacity 7280K, committed 7552K, reserved 1056768K
  class space    used 585K, capacity 616K, committed 640K, reserved 1048576K

Deoptimization events (10 events):
Event: 19.618 Thread 0x00007fea00173000 Uncommon trap: reason=unstable_if action=reinterpret pc=0x00007fe9f1404c94 method=com.android.dx.ssa.SCCP.replaceBranches()V @ 14
Event: 19.645 Thread 0x00007fea00177000 Uncommon trap: reason=unstable_if action=reinterpret pc=0x00007fe9f12e311c method=com.android.dx.rop.cst.CstNat.equals(Ljava/lang/Object;)Z @ 25
Event: 19.724 Thread 0x00007fea00173000 Uncommon trap: reason=unstable_if action=reinterpret pc=0x00007fe9f1172278 method=com.android.dx.cf.code.Merger.mergeType(Lcom/android/dx/rop/type/TypeBearer;Lcom/android/dx/rop/type/TypeBearer;)Lcom/android/dx/rop/type/TypeBearer; @ 77
Event: 19.737 Thread 0x00007fea00173000 Uncommon trap: reason=unstable_if action=reinterpret pc=0x00007fe9f1790a84 method=com.android.dx.ssa.SsaBasicBlock.scheduleMovesFromPhis()V @ 63
Event: 19.759 Thread 0x00007fea00173000 Uncommon trap: reason=unstable_if action=reinterpret pc=0x00007fe9f176415c method=com.android.dx.cf.code.Ropper.addOrReplaceBlock(Lcom/android/dx/rop/code/BasicBlock;Lcom/android/dx/util/IntList;)Z @ 24
Event: 19.814 Thread 0x00007fea00173000 Uncommon trap: reason=class_check action=maybe_recompile pc=0x00007fe9f129731c method=com.android.dx.ssa.back.FirstFitLocalCombiningAllocator.findNextUnreservedRopReg(IILcom/android/dx/ssa/back/FirstFitLocalCombiningAllocator$Alignment;)I @ 60
Event: 19.814 Thread 0x00007fea00173000 Uncommon trap: reason=class_check action=maybe_recompile pc=0x00007fe9f129731c method=com.android.dx.ssa.back.FirstFitLocalCombiningAllocator.findNextUnreservedRopReg(IILcom/android/dx/ssa/back/FirstFitLocalCombiningAllocator$Alignment;)I @ 60
Event: 19.898 Thread 0x00007fea00171800 Uncommon trap: reason=null_check action=make_not_entrant pc=0x00007fe9f1291fe4 method=com.android.dx.cf.code.ConcreteMethod.<init>(Lcom/android/dx/cf/iface/Method;ILcom/android/dx/rop/cst/CstString;ZZ)V @ 82
Event: 19.992 Thread 0x00007fea00171800 Uncommon trap: reason=class_check action=maybe_recompile pc=0x00007fe9f129731c method=com.android.dx.ssa.back.FirstFitLocalCombiningAllocator.findNextUnreservedRopReg(IILcom/android/dx/ssa/back/FirstFitLocalCombiningAllocator$Alignment;)I @ 60
Event: 19.994 Thread 0x00007fea00171800 Uncommon trap: reason=class_check action=maybe_recompile pc=0x00007fe9f129731c method=com.android.dx.ssa.back.FirstFitLocalCombiningAllocator.findNextUnreservedRopReg(IILcom/android/dx/ssa/back/FirstFitLocalCombiningAllocator$Alignment;)I @ 60

Internal exceptions (8 events):
Event: 0.139 Thread 0x00007fea0000a000 Exception <a 'java/lang/NoSuchMethodError': Method sun.misc.Unsafe.defineClass(Ljava/lang/String;[BII)Ljava/lang/Class; name or signature does not match> (0x000000076ab07c78) thrown at [/ssd/Android/AOSP-openjdk/external/jetbrains/jdk/hotspot/src/share/vm
Event: 0.139 Thread 0x00007fea0000a000 Exception <a 'java/lang/NoSuchMethodError': Method sun.misc.Unsafe.prefetchRead(Ljava/lang/Object;J)V name or signature does not match> (0x000000076ab07f60) thrown at [/ssd/Android/AOSP-openjdk/external/jetbrains/jdk/hotspot/src/share/vm/prims/jni.cpp, li
Event: 0.473 Thread 0x00007fea0000a000 Implicit null exception at 0x00007fe9f1170134 to 0x00007fe9f117077d
Event: 1.172 Thread 0x00007fea0016f000 Implicit null exception at 0x00007fe9f1333e69 to 0x00007fe9f1336475
Event: 1.558 Thread 0x00007fea0016f000 Implicit null exception at 0x00007fe9f1316ff3 to 0x00007fe9f1319899
Event: 1.730 Thread 0x00007fea0000a000 Exception <a 'java/lang/ArrayIndexOutOfBoundsException': 18> (0x000000076cd221d0) thrown at [/ssd/Android/AOSP-openjdk/external/jetbrains/jdk/hotspot/src/share/vm/interpreter/interpreterRuntime.cpp, line 366]
Event: 1.730 Thread 0x00007fea0000a000 Exception <a 'java/lang/ArrayIndexOutOfBoundsException': 145> (0x000000076cd23d50) thrown at [/ssd/Android/AOSP-openjdk/external/jetbrains/jdk/hotspot/src/share/vm/interpreter/interpreterRuntime.cpp, line 366]
Event: 1.732 Thread 0x00007fea0000a000 Exception <a 'java/lang/ArrayIndexOutOfBoundsException': 40> (0x000000076cd25038) thrown at [/ssd/Android/AOSP-openjdk/external/jetbrains/jdk/hotspot/src/share/vm/interpreter/interpreterRuntime.cpp, line 366]

Events (10 events):
Event: 20.066 Thread 0x00007fea000ba800 flushing nmethod 0x00007fe9f1329910
Event: 20.072 Thread 0x00007fea000b7800 flushing nmethod 0x00007fe9f1651b10
Event: 20.072 Thread 0x00007fea000b7800 flushing nmethod 0x00007fe9f1652ed0
Event: 20.072 Thread 0x00007fea000b7800 flushing nmethod 0x00007fe9f165d690
Event: 20.073 Thread 0x00007fea000ba800 flushing nmethod 0x00007fe9f1681f10
Event: 20.073 Thread 0x00007fea000ba800 flushing nmethod 0x00007fe9f1685f50
Event: 20.073 Thread 0x00007fea000ba800 flushing nmethod 0x00007fe9f1695090
Event: 20.080 Thread 0x00007fea000ba800 flushing nmethod 0x00007fe9f172c750
Event: 20.080 Thread 0x00007fea000ba800 flushing nmethod 0x00007fe9f174d350
Event: 20.090 Executing VM operation: ParallelGCFailedAllocation


Dynamic libraries:
00400000-00401000 r-xp 00000000 08:06 11796527                           /opt/android-studio/jre/bin/java
00600000-00601000 r--p 00000000 08:06 11796527                           /opt/android-studio/jre/bin/java
00601000-00602000 rw-p 00001000 08:06 11796527                           /opt/android-studio/jre/bin/java
00bf4000-00c15000 rw-p 00000000 00:00 0                                  [heap]
6c0000000-6d3080000 rw-p 00000000 00:00 0 
6dea00000-76ab00000 ---p 00000000 00:00 0 
76ab00000-79b600000 rw-p 00000000 00:00 0 
79b600000-7c0000000 ---p 00000000 00:00 0 
7c0000000-7c00a0000 rw-p 00000000 00:00 0 
7c00a0000-800000000 ---p 00000000 00:00 0 
7fe99c000000-7fe99c069000 rw-p 00000000 00:00 0 
7fe99c069000-7fe9a0000000 ---p 00000000 00:00 0 
7fe9a0000000-7fe9a0032000 rw-p 00000000 00:00 0 
7fe9a0032000-7fe9a4000000 ---p 00000000 00:00 0 
7fe9a4000000-7fe9a4021000 rw-p 00000000 00:00 0 
7fe9a4021000-7fe9a8000000 ---p 00000000 00:00 0 
7fe9a8000000-7fe9a8030000 rw-p 00000000 00:00 0 
7fe9a8030000-7fe9ac000000 ---p 00000000 00:00 0 
7fe9ac000000-7fe9ac021000 rw-p 00000000 00:00 0 
7fe9ac021000-7fe9b0000000 ---p 00000000 00:00 0 
7fe9b0000000-7fe9b0045000 rw-p 00000000 00:00 0 
7fe9b0045000-7fe9b4000000 ---p 00000000 00:00 0 
7fe9b4000000-7fe9b4cda000 rw-p 00000000 00:00 0 
7fe9b4cda000-7fe9b8000000 ---p 00000000 00:00 0 
7fe9b8000000-7fe9b8021000 rw-p 00000000 00:00 0 
7fe9b8021000-7fe9bc000000 ---p 00000000 00:00 0 
7fe9bc000000-7fe9bd2d1000 rw-p 00000000 00:00 0 
7fe9bd2d1000-7fe9c0000000 ---p 00000000 00:00 0 
7fe9c0000000-7fe9c1d07000 rw-p 00000000 00:00 0 
7fe9c1d07000-7fe9c4000000 ---p 00000000 00:00 0 
7fe9c4000000-7fe9c4021000 rw-p 00000000 00:00 0 
7fe9c4021000-7fe9c8000000 ---p 00000000 00:00 0 
7fe9c8000000-7fe9c8021000 rw-p 00000000 00:00 0 
7fe9c8021000-7fe9cc000000 ---p 00000000 00:00 0 
7fe9cc000000-7fe9cc298000 rw-p 00000000 00:00 0 
7fe9cc298000-7fe9d0000000 ---p 00000000 00:00 0 
7fe9d0000000-7fe9d0021000 rw-p 00000000 00:00 0 
7fe9d0021000-7fe9d4000000 ---p 00000000 00:00 0 
7fe9d4000000-7fe9dc000000 rw-p 00000000 00:00 0 
7fe9dc000000-7fe9dc021000 rw-p 00000000 00:00 0 
7fe9dc021000-7fe9e0000000 ---p 00000000 00:00 0 
7fe9e0000000-7fe9e0021000 rw-p 00000000 00:00 0 
7fe9e0021000-7fe9e4000000 ---p 00000000 00:00 0 
7fe9e4000000-7fe9e4021000 rw-p 00000000 00:00 0 
7fe9e4021000-7fe9e8000000 ---p 00000000 00:00 0 
7fe9ea5c2000-7fe9ea5c5000 ---p 00000000 00:00 0 
7fe9ea5c5000-7fe9ea6c3000 rw-p 00000000 00:00 0 
7fe9ea6c3000-7fe9ea6c6000 ---p 00000000 00:00 0 
7fe9ea6c6000-7fe9ea7c4000 rw-p 00000000 00:00 0 
7fe9ea7c4000-7fe9ea7c7000 ---p 00000000 00:00 0 
7fe9ea7c7000-7fe9ea8c5000 rw-p 00000000 00:00 0 
7fe9ea8c5000-7fe9ea8c8000 ---p 00000000 00:00 0 
7fe9ea8c8000-7fe9ea9c6000 rw-p 00000000 00:00 0 
7fe9ea9c6000-7fe9ea9c9000 ---p 00000000 00:00 0 
7fe9ea9c9000-7fe9eaac7000 rw-p 00000000 00:00 0 
7fe9eaac7000-7fe9eac36000 r--s 00e8d000 08:02 1107849                    /media/android2/4EF6505FF65048FB/imported/Youtube/app/build/intermediates/transforms/jarMerging/release/jars/1/1f/combined.jar
7fe9eac36000-7fe9eac37000 ---p 00000000 00:00 0 
7fe9eac37000-7fe9ead37000 rw-p 00000000 00:00 0 
7fe9ead37000-7fe9ead3a000 ---p 00000000 00:00 0 
7fe9ead3a000-7fe9eae38000 rw-p 00000000 00:00 0 
7fe9eae38000-7fe9eae3b000 ---p 00000000 00:00 0 
7fe9eae3b000-7fe9eaf39000 rw-p 00000000 00:00 0 
7fe9eaf39000-7fe9eaf3c000 ---p 00000000 00:00 0 
7fe9eaf3c000-7fe9eb03a000 rw-p 00000000 00:00 0 
7fe9eb03a000-7fe9eb03d000 ---p 00000000 00:00 0 
7fe9eb03d000-7fe9eb13b000 rw-p 00000000 00:00 0 
7fe9eb13b000-7fe9eb13e000 ---p 00000000 00:00 0 
7fe9eb13e000-7fe9eb23c000 rw-p 00000000 00:00 0 
7fe9eb23c000-7fe9ebbfc000 r--p 00000000 08:06 3415197                    /usr/lib/locale/locale-archive
7fe9ebbfc000-7fe9ebbff000 ---p 00000000 00:00 0 
7fe9ebbff000-7fe9ebcfd000 rw-p 00000000 00:00 0 
7fe9ebcfd000-7fe9ebd00000 ---p 00000000 00:00 0 
7fe9ebd00000-7fe9ebdfe000 rw-p 00000000 00:00 0 
7fe9ebdfe000-7fe9ebdff000 ---p 00000000 00:00 0 
7fe9ebdff000-7fe9ec000000 rw-p 00000000 00:00 0 
7fe9ec000000-7fe9ec021000 rw-p 00000000 00:00 0 
7fe9ec021000-7fe9f0000000 ---p 00000000 00:00 0 
7fe9f00ff000-7fe9f1000000 rw-p 00000000 00:00 0 
7fe9f1000000-7fe9f1c80000 rwxp 00000000 00:00 0 
7fe9f1c80000-7fea00000000 ---p 00000000 00:00 0 
7fea00000000-7fea0038d000 rw-p 00000000 00:00 0 
7fea0038d000-7fea04000000 ---p 00000000 00:00 0 
7fea04010000-7fea041df000 r--s 03c1b000 08:06 11796586                   /opt/android-studio/jre/jre/lib/rt.jar
7fea041df000-7fea04915000 rw-p 00000000 00:00 0 
7fea04915000-7fea04a55000 ---p 00000000 00:00 0 
7fea04a55000-7fea05255000 rw-p 00000000 00:00 0 
7fea05255000-7fea05256000 ---p 00000000 00:00 0 
7fea05256000-7fea05356000 rw-p 00000000 00:00 0 
7fea05356000-7fea05357000 ---p 00000000 00:00 0 
7fea05357000-7fea05457000 rw-p 00000000 00:00 0 
7fea05457000-7fea05458000 ---p 00000000 00:00 0 
7fea05458000-7fea05558000 rw-p 00000000 00:00 0 
7fea05558000-7fea05559000 ---p 00000000 00:00 0 
7fea05559000-7fea056f2000 rw-p 00000000 00:00 0 
7fea056f2000-7fea05baf000 ---p 00000000 00:00 0 
7fea05baf000-7fea05c48000 rw-p 00000000 00:00 0 
7fea05c48000-7fea06104000 ---p 00000000 00:00 0 
7fea06104000-7fea0628a000 rw-p 00000000 00:00 0 
7fea0628a000-7fea063af000 ---p 00000000 00:00 0 
7fea063af000-7fea063e2000 rw-p 00000000 00:00 0 
7fea063e2000-7fea06770000 ---p 00000000 00:00 0 
7fea06770000-7fea0678a000 r-xp 00000000 08:06 11796603                   /opt/android-studio/jre/jre/lib/amd64/libzip.so
7fea0678a000-7fea0698a000 ---p 0001a000 08:06 11796603                   /opt/android-studio/jre/jre/lib/amd64/libzip.so
7fea0698a000-7fea0698b000 r--p 0001a000 08:06 11796603                   /opt/android-studio/jre/jre/lib/amd64/libzip.so
7fea0698b000-7fea0698c000 rw-p 0001b000 08:06 11796603                   /opt/android-studio/jre/jre/lib/amd64/libzip.so
7fea0698c000-7fea06997000 r-xp 00000000 08:06 1710031                    /lib/x86_64-linux-gnu/libnss_files-2.24.so
7fea06997000-7fea06b96000 ---p 0000b000 08:06 1710031                    /lib/x86_64-linux-gnu/libnss_files-2.24.so
7fea06b96000-7fea06b97000 r--p 0000a000 08:06 1710031                    /lib/x86_64-linux-gnu/libnss_files-2.24.so
7fea06b97000-7fea06b98000 rw-p 0000b000 08:06 1710031                    /lib/x86_64-linux-gnu/libnss_files-2.24.so
7fea06b98000-7fea06b9e000 rw-p 00000000 00:00 0 
7fea06b9e000-7fea06ba9000 r-xp 00000000 08:06 1710033                    /lib/x86_64-linux-gnu/libnss_nis-2.24.so
7fea06ba9000-7fea06da8000 ---p 0000b000 08:06 1710033                    /lib/x86_64-linux-gnu/libnss_nis-2.24.so
7fea06da8000-7fea06da9000 r--p 0000a000 08:06 1710033                    /lib/x86_64-linux-gnu/libnss_nis-2.24.so
7fea06da9000-7fea06daa000 rw-p 0000b000 08:06 1710033                    /lib/x86_64-linux-gnu/libnss_nis-2.24.so
7fea06daa000-7fea06dc0000 r-xp 00000000 08:06 1710028                    /lib/x86_64-linux-gnu/libnsl-2.24.so
7fea06dc0000-7fea06fbf000 ---p 00016000 08:06 1710028                    /lib/x86_64-linux-gnu/libnsl-2.24.so
7fea06fbf000-7fea06fc0000 r--p 00015000 08:06 1710028                    /lib/x86_64-linux-gnu/libnsl-2.24.so
7fea06fc0000-7fea06fc1000 rw-p 00016000 08:06 1710028                    /lib/x86_64-linux-gnu/libnsl-2.24.so
7fea06fc1000-7fea06fc3000 rw-p 00000000 00:00 0 
7fea06fc3000-7fea06fcb000 r-xp 00000000 08:06 1710029                    /lib/x86_64-linux-gnu/libnss_compat-2.24.so
7fea06fcb000-7fea071ca000 ---p 00008000 08:06 1710029                    /lib/x86_64-linux-gnu/libnss_compat-2.24.so
7fea071ca000-7fea071cb000 r--p 00007000 08:06 1710029                    /lib/x86_64-linux-gnu/libnss_compat-2.24.so
7fea071cb000-7fea071cc000 rw-p 00008000 08:06 1710029                    /lib/x86_64-linux-gnu/libnss_compat-2.24.so
7fea071cc000-7fea071f9000 r-xp 00000000 08:06 11796621                   /opt/android-studio/jre/jre/lib/amd64/libjava.so
7fea071f9000-7fea073f8000 ---p 0002d000 08:06 11796621                   /opt/android-studio/jre/jre/lib/amd64/libjava.so
7fea073f8000-7fea073f9000 r--p 0002c000 08:06 11796621                   /opt/android-studio/jre/jre/lib/amd64/libjava.so
7fea073f9000-7fea073fb000 rw-p 0002d000 08:06 11796621                   /opt/android-studio/jre/jre/lib/amd64/libjava.so
7fea073fb000-7fea0740b000 r-xp 00000000 08:06 11796592                   /opt/android-studio/jre/jre/lib/amd64/libverify.so
7fea0740b000-7fea0760a000 ---p 00010000 08:06 11796592                   /opt/android-studio/jre/jre/lib/amd64/libverify.so
7fea0760a000-7fea0760c000 r--p 0000f000 08:06 11796592                   /opt/android-studio/jre/jre/lib/amd64/libverify.so
7fea0760c000-7fea0760d000 rw-p 00011000 08:06 11796592                   /opt/android-studio/jre/jre/lib/amd64/libverify.so
7fea0760d000-7fea07614000 r-xp 00000000 08:06 1710038                    /lib/x86_64-linux-gnu/librt-2.24.so
7fea07614000-7fea07813000 ---p 00007000 08:06 1710038                    /lib/x86_64-linux-gnu/librt-2.24.so
7fea07813000-7fea07814000 r--p 00006000 08:06 1710038                    /lib/x86_64-linux-gnu/librt-2.24.so
7fea07814000-7fea07815000 rw-p 00007000 08:06 1710038                    /lib/x86_64-linux-gnu/librt-2.24.so
7fea07815000-7fea0791d000 r-xp 00000000 08:06 1710025                    /lib/x86_64-linux-gnu/libm-2.24.so
7fea0791d000-7fea07b1c000 ---p 00108000 08:06 1710025                    /lib/x86_64-linux-gnu/libm-2.24.so
7fea07b1c000-7fea07b1d000 r--p 00107000 08:06 1710025                    /lib/x86_64-linux-gnu/libm-2.24.so
7fea07b1d000-7fea07b1e000 rw-p 00108000 08:06 1710025                    /lib/x86_64-linux-gnu/libm-2.24.so
7fea07b1e000-7fea0870f000 r-xp 00000000 08:06 11796601                   /opt/android-studio/jre/jre/lib/amd64/server/libjvm.so
7fea0870f000-7fea0890f000 ---p 00bf1000 08:06 11796601                   /opt/android-studio/jre/jre/lib/amd64/server/libjvm.so
7fea0890f000-7fea089ae000 r--p 00bf1000 08:06 11796601                   /opt/android-studio/jre/jre/lib/amd64/server/libjvm.so
7fea089ae000-7fea089d7000 rw-p 00c90000 08:06 11796601                   /opt/android-studio/jre/jre/lib/amd64/server/libjvm.so
7fea089d7000-7fea08a1b000 rw-p 00000000 00:00 0 
7fea08a1b000-7fea08a33000 r-xp 00000000 08:06 1710036                    /lib/x86_64-linux-gnu/libpthread-2.24.so
7fea08a33000-7fea08c33000 ---p 00018000 08:06 1710036                    /lib/x86_64-linux-gnu/libpthread-2.24.so
7fea08c33000-7fea08c34000 r--p 00018000 08:06 1710036                    /lib/x86_64-linux-gnu/libpthread-2.24.so
7fea08c34000-7fea08c35000 rw-p 00019000 08:06 1710036                    /lib/x86_64-linux-gnu/libpthread-2.24.so
7fea08c35000-7fea08c39000 rw-p 00000000 00:00 0 
7fea08c39000-7fea08c3c000 r-xp 00000000 08:06 1710024                    /lib/x86_64-linux-gnu/libdl-2.24.so
7fea08c3c000-7fea08e3b000 ---p 00003000 08:06 1710024                    /lib/x86_64-linux-gnu/libdl-2.24.so
7fea08e3b000-7fea08e3c000 r--p 00002000 08:06 1710024                    /lib/x86_64-linux-gnu/libdl-2.24.so
7fea08e3c000-7fea08e3d000 rw-p 00003000 08:06 1710024                    /lib/x86_64-linux-gnu/libdl-2.24.so
7fea08e3d000-7fea08ffa000 r-xp 00000000 08:06 1708371                    /lib/x86_64-linux-gnu/libc-2.24.so
7fea08ffa000-7fea091fa000 ---p 001bd000 08:06 1708371                    /lib/x86_64-linux-gnu/libc-2.24.so
7fea091fa000-7fea091fe000 r--p 001bd000 08:06 1708371                    /lib/x86_64-linux-gnu/libc-2.24.so
7fea091fe000-7fea09200000 rw-p 001c1000 08:06 1708371                    /lib/x86_64-linux-gnu/libc-2.24.so
7fea09200000-7fea09204000 rw-p 00000000 00:00 0 
7fea09204000-7fea0921a000 r-xp 00000000 08:06 11796543                   /opt/android-studio/jre/lib/amd64/jli/libjli.so
7fea0921a000-7fea09419000 ---p 00016000 08:06 11796543                   /opt/android-studio/jre/lib/amd64/jli/libjli.so
7fea09419000-7fea0941a000 r--p 00015000 08:06 11796543                   /opt/android-studio/jre/lib/amd64/jli/libjli.so
7fea0941a000-7fea0941b000 rw-p 00016000 08:06 11796543                   /opt/android-studio/jre/lib/amd64/jli/libjli.so
7fea0941b000-7fea09440000 r-xp 00000000 08:06 1703952                    /lib/x86_64-linux-gnu/ld-2.24.so
7fea09447000-7fea0951a000 rw-p 00000000 00:00 0 
7fea0951a000-7fea0951d000 ---p 00000000 00:00 0 
7fea0951d000-7fea0961d000 rw-p 00000000 00:00 0 
7fea09624000-7fea09632000 r--s 000e0000 08:02 435712                     /media/android2/4EF6505FF65048FB/Android/SDK/build-tools/25.0.2/lib/dx.jar
7fea09632000-7fea0963a000 rw-s 00000000 08:06 9707320                    /tmp/hsperfdata_android2/23697
7fea0963a000-7fea0963b000 rw-p 00000000 00:00 0 
7fea0963b000-7fea0963c000 ---p 00000000 00:00 0 
7fea0963c000-7fea0963f000 rw-p 00000000 00:00 0 
7fea0963f000-7fea09640000 r--p 00024000 08:06 1703952                    /lib/x86_64-linux-gnu/ld-2.24.so
7fea09640000-7fea09641000 rw-p 00025000 08:06 1703952                    /lib/x86_64-linux-gnu/ld-2.24.so
7fea09641000-7fea09642000 rw-p 00000000 00:00 0 
7ffc13609000-7ffc1362a000 rw-p 00000000 00:00 0                          [stack]
7ffc136d1000-7ffc136d3000 r--p 00000000 00:00 0                          [vvar]
7ffc136d3000-7ffc136d5000 r-xp 00000000 00:00 0                          [vdso]
ffffffffff600000-ffffffffff601000 r-xp 00000000 00:00 0                  [vsyscall]

VM Arguments:
jvm_args: -Djava.awt.headless=true -Xmx4g -Dfile.encoding=UTF-8 -Duser.country=IN -Duser.language=en -Duser.variant 
java_command: com.android.dx.command.Main --dex --num-threads=4 --multi-dex --main-dex-list /media/android2/4EF6505FF65048FB/imported/Youtube/app/build/intermediates/multi-dex/release/maindexlist.txt --output /media/android2/4EF6505FF65048FB/imported/Youtube/app/build/intermediates/transforms/dex/release/folders/1000/1f/main /media/android2/4EF6505FF65048FB/imported/Youtube/app/build/intermediates/transforms/jarMerging/release/jars/1/1f/combined.jar
java_class_path (initial): /media/android2/4EF6505FF65048FB/Android/SDK/build-tools/25.0.2/lib/dx.jar
Launcher Type: SUN_STANDARD

Environment Variables:
JAVA_HOME=/usr/lib/jvm/java-8-oracle
PATH=/home/android2/bin:/home/android2/.local/bin:/usr/local/sbin:/usr/local/bin:/usr/sbin:/usr/bin:/sbin:/bin:/usr/games:/usr/local/games:/snap/bin:/usr/lib/jvm/java-8-oracle/bin:/usr/lib/jvm/java-8-oracle/db/bin:/usr/lib/jvm/java-8-oracle/jre/bin
LD_LIBRARY_PATH=/opt/android-studio/bin:
SHELL=/bin/bash
DISPLAY=:0

Signal Handlers:
SIGSEGV: [libjvm.so+0x9e5150], sa_mask[0]=11111111011111111101111111111110, sa_flags=SA_RESTART|SA_SIGINFO
SIGBUS: [libjvm.so+0x9e5150], sa_mask[0]=11111111011111111101111111111110, sa_flags=SA_RESTART|SA_SIGINFO
SIGFPE: [libjvm.so+0x848450], sa_mask[0]=11111111011111111101111111111110, sa_flags=SA_RESTART|SA_SIGINFO
SIGPIPE: [libjvm.so+0x848450], sa_mask[0]=11111111011111111101111111111110, sa_flags=SA_RESTART|SA_SIGINFO
SIGXFSZ: [libjvm.so+0x848450], sa_mask[0]=11111111011111111101111111111110, sa_flags=SA_RESTART|SA_SIGINFO
SIGILL: [libjvm.so+0x848450], sa_mask[0]=11111111011111111101111111111110, sa_flags=SA_RESTART|SA_SIGINFO
SIGUSR1: SIG_DFL, sa_mask[0]=00000000000000000000000000000000, sa_flags=none
SIGUSR2: [libjvm.so+0x848320], sa_mask[0]=00100000000000000000000000000000, sa_flags=SA_RESTART|SA_SIGINFO
SIGHUP: [libjvm.so+0x848510], sa_mask[0]=11111111011111111101111111111110, sa_flags=SA_RESTART|SA_SIGINFO
SIGINT: [libjvm.so+0x848510], sa_mask[0]=11111111011111111101111111111110, sa_flags=SA_RESTART|SA_SIGINFO
SIGTERM: [libjvm.so+0x848510], sa_mask[0]=11111111011111111101111111111110, sa_flags=SA_RESTART|SA_SIGINFO
SIGQUIT: [libjvm.so+0x848510], sa_mask[0]=11111111011111111101111111111110, sa_flags=SA_RESTART|SA_SIGINFO


---------------  S Y S T E M  ---------------

OS:DISTRIB_ID=Ubuntu
DISTRIB_RELEASE=16.10
DISTRIB_CODENAME=yakkety
DISTRIB_DESCRIPTION="Ubuntu 16.10"

uname:Linux 4.8.0-46-generic #49-Ubuntu SMP Fri Mar 31 13:57:14 UTC 2017 x86_64
libc:glibc 2.24 NPTL 2.24 
rlimit: STACK 8192k, CORE 0k, NPROC 31273, NOFILE 4096, AS infinity
load average:4.17 1.62 1.09

/proc/meminfo:
MemTotal:        8050460 kB
MemFree:          125176 kB
MemAvailable:      65936 kB
Buffers:            6272 kB
Cached:           223544 kB
SwapCached:        12676 kB
Active:          6766964 kB
Inactive:         945604 kB
Active(anon):    6711508 kB
Inactive(anon):   897716 kB
Active(file):      55456 kB
Inactive(file):    47888 kB
Unevictable:          48 kB
Mlocked:              48 kB
SwapTotal:        697340 kB
SwapFree:           8144 kB
Dirty:               236 kB
Writeback:             0 kB
AnonPages:       7470316 kB
Mapped:           120940 kB
Shmem:            126312 kB
Slab:             104196 kB
SReclaimable:      48092 kB
SUnreclaim:        56104 kB
KernelStack:       11264 kB
PageTables:        54156 kB
NFS_Unstable:          0 kB
Bounce:                0 kB
WritebackTmp:          0 kB
CommitLimit:     4722568 kB
Committed_AS:   11862704 kB
VmallocTotal:   34359738367 kB
VmallocUsed:           0 kB
VmallocChunk:          0 kB
HardwareCorrupted:     0 kB
AnonHugePages:   3811328 kB
ShmemHugePages:        0 kB
ShmemPmdMapped:        0 kB
CmaTotal:              0 kB
CmaFree:               0 kB
HugePages_Total:       0
HugePages_Free:        0
HugePages_Rsvd:        0
HugePages_Surp:        0
Hugepagesize:       2048 kB
DirectMap4k:      539368 kB
DirectMap2M:     7725056 kB


CPU:total 4 (2 cores per cpu, 2 threads per core) family 6 model 58 stepping 9, cmov, cx8, fxsr, mmx, sse, sse2, sse3, ssse3, sse4.1, sse4.2, popcnt, avx, clmul, erms, ht, tsc, tscinvbit, tscinv

/proc/cpuinfo:
processor	: 0
vendor_id	: GenuineIntel
cpu family	: 6
model		: 58
model name	: Intel(R) Core(TM) i3-3220 CPU @ 3.30GHz
stepping	: 9
microcode	: 0x17
cpu MHz		: 3299.798
cache size	: 3072 KB
physical id	: 0
siblings	: 4
core id		: 0
cpu cores	: 2
apicid		: 0
initial apicid	: 0
fpu		: yes
fpu_exception	: yes
cpuid level	: 13
wp		: yes
flags		: fpu vme de pse tsc msr pae mce cx8 apic sep mtrr pge mca cmov pat pse36 clflush dts acpi mmx fxsr sse sse2 ss ht tm pbe syscall nx rdtscp lm constant_tsc arch_perfmon pebs bts rep_good nopl xtopology nonstop_tsc aperfmperf eagerfpu pni pclmulqdq dtes64 monitor ds_cpl vmx est tm2 ssse3 cx16 xtpr pdcm pcid sse4_1 sse4_2 popcnt tsc_deadline_timer xsave avx f16c lahf_lm epb tpr_shadow vnmi flexpriority ept vpid fsgsbase smep erms xsaveopt dtherm arat pln pts
bugs		:
bogomips	: 6585.02
clflush size	: 64
cache_alignment	: 64
address sizes	: 36 bits physical, 48 bits virtual
power management:

processor	: 1
vendor_id	: GenuineIntel
cpu family	: 6
model		: 58
model name	: Intel(R) Core(TM) i3-3220 CPU @ 3.30GHz
stepping	: 9
microcode	: 0x17
cpu MHz		: 3297.784
cache size	: 3072 KB
physical id	: 0
siblings	: 4
core id		: 1
cpu cores	: 2
apicid		: 2
initial apicid	: 2
fpu		: yes
fpu_exception	: yes
cpuid level	: 13
wp		: yes
flags		: fpu vme de pse tsc msr pae mce cx8 apic sep mtrr pge mca cmov pat pse36 clflush dts acpi mmx fxsr sse sse2 ss ht tm pbe syscall nx rdtscp lm constant_tsc arch_perfmon pebs bts rep_good nopl xtopology nonstop_tsc aperfmperf eagerfpu pni pclmulqdq dtes64 monitor ds_cpl vmx est tm2 ssse3 cx16 xtpr pdcm pcid sse4_1 sse4_2 popcnt tsc_deadline_timer xsave avx f16c lahf_lm epb tpr_shadow vnmi flexpriority ept vpid fsgsbase smep erms xsaveopt dtherm arat pln pts
bugs		:
bogomips	: 6585.02
clflush size	: 64
cache_alignment	: 64
address sizes	: 36 bits physical, 48 bits virtual
power management:

processor	: 2
vendor_id	: GenuineIntel
cpu family	: 6
model		: 58
model name	: Intel(R) Core(TM) i3-3220 CPU @ 3.30GHz
stepping	: 9
microcode	: 0x17
cpu MHz		: 3299.798
cache size	: 3072 KB
physical id	: 0
siblings	: 4
core id		: 0
cpu cores	: 2
apicid		: 1
initial apicid	: 1
fpu		: yes
fpu_exception	: yes
cpuid level	: 13
wp		: yes
flags		: fpu vme de pse tsc msr pae mce cx8 apic sep mtrr pge mca cmov pat pse36 clflush dts acpi mmx fxsr sse sse2 ss ht tm pbe syscall nx rdtscp lm constant_tsc arch_perfmon pebs bts rep_good nopl xtopology nonstop_tsc aperfmperf eagerfpu pni pclmulqdq dtes64 monitor ds_cpl vmx est tm2 ssse3 cx16 xtpr pdcm pcid sse4_1 sse4_2 popcnt tsc_deadline_timer xsave avx f16c lahf_lm epb tpr_shadow vnmi flexpriority ept vpid fsgsbase smep erms xsaveopt dtherm arat pln pts
bugs		:
bogomips	: 6585.02
clflush size	: 64
cache_alignment	: 64
address sizes	: 36 bits physical, 48 bits virtual
power management:

processor	: 3
vendor_id	: GenuineIntel
cpu family	: 6
model		: 58
model name	: Intel(R) Core(TM) i3-3220 CPU @ 3.30GHz
stepping	: 9
microcode	: 0x17
cpu MHz		: 3299.798
cache size	: 3072 KB
physical id	: 0
siblings	: 4
core id		: 1
cpu cores	: 2
apicid		: 3
initial apicid	: 3
fpu		: yes
fpu_exception	: yes
cpuid level	: 13
wp		: yes
flags		: fpu vme de pse tsc msr pae mce cx8 apic sep mtrr pge mca cmov pat pse36 clflush dts acpi mmx fxsr sse sse2 ss ht tm pbe syscall nx rdtscp lm constant_tsc arch_perfmon pebs bts rep_good nopl xtopology nonstop_tsc aperfmperf eagerfpu pni pclmulqdq dtes64 monitor ds_cpl vmx est tm2 ssse3 cx16 xtpr pdcm pcid sse4_1 sse4_2 popcnt tsc_deadline_timer xsave avx f16c lahf_lm epb tpr_shadow vnmi flexpriority ept vpid fsgsbase smep erms xsaveopt dtherm arat pln pts
bugs		:
bogomips	: 6585.02
clflush size	: 64
cache_alignment	: 64
address sizes	: 36 bits physical, 48 bits virtual
power management:



Memory: 4k page, physical 8050460k(125176k free), swap 697340k(8144k free)

vm_info: OpenJDK 64-Bit Server VM (25.112-b06) for linux-amd64 JRE (1.8.0_112-release-b06), built on Dec  6 2016 12:11:18 by "builder" with gcc 4.8.4

time: Mon Apr 24 17:31:05 2017
elapsed time: 23 seconds (0d 0h 0m 23s)

